app/build/outputs/logs/manifest-merger-debug-report.txt
-- Merging decision tree log ---
manifest
ADDED from src\main\AndroidManifest.xml:2:1-207:12
	package
		ADDED from src\main\AndroidManifest.xml:3:5-55
		INJECTED from src\main\AndroidManifest.xml
		INJECTED from src\main\AndroidManifest.xml
	android:versionName
		INJECTED from src\main\AndroidManifest.xml
		INJECTED from src\main\AndroidManifest.xml
	xmlns:android
		ADDED from src\main\AndroidManifest.xml:2:11-69
	android:versionCode
		INJECTED from src\main\AndroidManifest.xml
		INJECTED from src\main\AndroidManifest.xml
uses-permission#android.permission.INTERNET
ADDED from src\main\AndroidManifest.xml:4:5-83
	android:name
		ADDED from src\main\AndroidManifest.xml:4:22-64
application
ADDED from src\main\AndroidManifest.xml:6:5-205:19
MERGED from [com.android.support:design:25.3.1] AndroidManifest.xml:29:5-20
MERGED from [com.android.support:appcompat-v7:25.3.1] AndroidManifest.xml:29:5-20
MERGED from [com.android.support:animated-vector-drawable:25.3.1] AndroidManifest.xml:26:5-20
MERGED from [com.android.support:support-vector-drawable:25.3.1] AndroidManifest.xml:26:5-20
MERGED from [com.android.support:transition:25.3.1] AndroidManifest.xml:26:5-20
MERGED from [com.android.support:support-v4:25.3.1] AndroidManifest.xml:29:5-20
MERGED from [com.android.support:support-fragment:25.3.1] AndroidManifest.xml:29:5-20
MERGED from [com.android.support:support-media-compat:25.3.1] AndroidManifest.xml:29:5-20
MERGED from [com.android.support:support-core-ui:25.3.1] AndroidManifest.xml:29:5-20
MERGED from [com.android.support:support-core-utils:25.3.1] AndroidManifest.xml:29:5-20
MERGED from [com.android.support:support-compat:25.3.1] AndroidManifest.xml:29:5-20
MERGED from [com.android.support.constraint:constraint-layout:1.0.2] AndroidManifest.xml:9:5-20
	android:label
		ADDED from src\main\AndroidManifest.xml:9:9-41
	android:supportsRtl
		ADDED from src\main\AndroidManifest.xml:11:9-35
	android:roundIcon
		ADDED from src\main\AndroidManifest.xml:10:9-54
	android:allowBackup
		ADDED from src\main\AndroidManifest.xml:7:9-35
	android:icon
		ADDED from src\main\AndroidManifest.xml:8:9-43
	android:theme
		ADDED from src\main\AndroidManifest.xml:12:9-40
activity#entretenimento.studio.com.entretenimento.MainActivity
ADDED from src\main\AndroidManifest.xml:13:9-24:20
	android:label
		ADDED from src\main\AndroidManifest.xml:15:13-45
	android:launchMode
		ADDED from src\main\AndroidManifest.xml:16:13-43
	android:roundIcon
		ADDED from src\main\AndroidManifest.xml:17:13-63
	android:theme
		ADDED from src\main\AndroidManifest.xml:18:13-56
	android:name
		ADDED from src\main\AndroidManifest.xml:14:13-41
intent-filter#android.intent.action.MAIN+android.intent.category.LAUNCHER
ADDED from src\main\AndroidManifest.xml:19:13-23:29
action#android.intent.action.MAIN
ADDED from src\main\AndroidManifest.xml:20:17-69
	android:name
		ADDED from src\main\AndroidManifest.xml:20:25-66
category#android.intent.category.LAUNCHER
ADDED from src\main\AndroidManifest.xml:22:17-77
	android:name
		ADDED from src\main\AndroidManifest.xml:22:27-74
activity#entretenimento.studio.com.entretenimento.inicioActivity
ADDED from src\main\AndroidManifest.xml:25:9-31:11
	android:label
		ADDED from src\main\AndroidManifest.xml:27:13-35
	android:parentActivityName
		ADDED from src\main\AndroidManifest.xml:30:13-55
	android:launchMode
		ADDED from src\main\AndroidManifest.xml:28:13-43
	android:theme
		ADDED from src\main\AndroidManifest.xml:29:13-56
	android:name
		ADDED from src\main\AndroidManifest.xml:26:13-43
activity#entretenimento.studio.com.entretenimento.pubActivity
ADDED from src\main\AndroidManifest.xml:33:9-40:15
	android:label
		ADDED from src\main\AndroidManifest.xml:35:13-39
	android:parentActivityName
		ADDED from src\main\AndroidManifest.xml:39:13-55
	android:launchMode
		ADDED from src\main\AndroidManifest.xml:36:13-43
	android:roundIcon
		ADDED from src\main\AndroidManifest.xml:38:13-63
	android:theme
		ADDED from src\main\AndroidManifest.xml:37:13-56
	android:name
		ADDED from src\main\AndroidManifest.xml:34:13-40
activity#entretenimento.studio.com.entretenimento.barActivity
ADDED from src\main\AndroidManifest.xml:41:9-48:57
	android:label
		ADDED from src\main\AndroidManifest.xml:44:13-34
	android:parentActivityName
		ADDED from src\main\AndroidManifest.xml:48:13-55
	android:launchMode
		ADDED from src\main\AndroidManifest.xml:45:13-43
	android:roundIcon
		ADDED from src\main\AndroidManifest.xml:46:13-63
	android:icon
		ADDED from src\main\AndroidManifest.xml:43:13-47
	android:theme
		ADDED from src\main\AndroidManifest.xml:47:13-56
	android:name
		ADDED from src\main\AndroidManifest.xml:42:13-40
activity#entretenimento.studio.com.entretenimento.boatActivity
ADDED from src\main\AndroidManifest.xml:49:9-55:57
	android:label
		ADDED from src\main\AndroidManifest.xml:51:13-35
	android:parentActivityName
		ADDED from src\main\AndroidManifest.xml:55:13-55
	android:launchMode
		ADDED from src\main\AndroidManifest.xml:52:13-43
	android:roundIcon
		ADDED from src\main\AndroidManifest.xml:53:13-63
	android:theme
		ADDED from src\main\AndroidManifest.xml:54:13-56
	android:name
		ADDED from src\main\AndroidManifest.xml:50:13-41
activity#entretenimento.studio.com.entretenimento.cinemaActivity
ADDED from src\main\AndroidManifest.xml:56:9-62:58
	android:label
		ADDED from src\main\AndroidManifest.xml:58:13-36
	android:parentActivityName
		ADDED from src\main\AndroidManifest.xml:62:13-55
	android:launchMode
		ADDED from src\main\AndroidManifest.xml:59:13-43
	android:roundIcon
		ADDED from src\main\AndroidManifest.xml:60:13-63
	android:theme
		ADDED from src\main\AndroidManifest.xml:61:13-56
	android:name
		ADDED from src\main\AndroidManifest.xml:57:13-43
activity#entretenimento.studio.com.entretenimento.contatoActivity
ADDED from src\main\AndroidManifest.xml:63:9-69:57
	android:label
		ADDED from src\main\AndroidManifest.xml:65:13-36
	android:parentActivityName
		ADDED from src\main\AndroidManifest.xml:69:13-55
	android:launchMode
		ADDED from src\main\AndroidManifest.xml:67:13-43
	android:roundIcon
		ADDED from src\main\AndroidManifest.xml:66:13-63
	android:theme
		ADDED from src\main\AndroidManifest.xml:68:13-56
	android:name
		ADDED from src\main\AndroidManifest.xml:64:13-44
activity#entretenimento.studio.com.entretenimento.bar43rockActivity
ADDED from src\main\AndroidManifest.xml:70:9-74:60
	android:label
		ADDED from src\main\AndroidManifest.xml:72:13-39
	android:parentActivityName
		ADDED from src\main\AndroidManifest.xml:73:13-54
	android:roundIcon
		ADDED from src\main\AndroidManifest.xml:74:13-57
	android:name
		ADDED from src\main\AndroidManifest.xml:71:13-46
activity#entretenimento.studio.com.entretenimento.barCativeiroActivity
ADDED from src\main\AndroidManifest.xml:75:9-79:60
	android:label
		ADDED from src\main\AndroidManifest.xml:77:13-42
	android:parentActivityName
		ADDED from src\main\AndroidManifest.xml:78:13-54
	android:roundIcon
		ADDED from src\main\AndroidManifest.xml:79:13-57
	android:name
		ADDED from src\main\AndroidManifest.xml:76:13-49
activity#entretenimento.studio.com.entretenimento.barEscritorioActivity
ADDED from src\main\AndroidManifest.xml:80:9-84:60
	android:label
		ADDED from src\main\AndroidManifest.xml:82:13-43
	android:parentActivityName
		ADDED from src\main\AndroidManifest.xml:83:13-54
	android:roundIcon
		ADDED from src\main\AndroidManifest.xml:84:13-57
	android:name
		ADDED from src\main\AndroidManifest.xml:81:13-50
activity#entretenimento.studio.com.entretenimento.barEstacaoActivity
ADDED from src\main\AndroidManifest.xml:85:9-89:60
	android:label
		ADDED from src\main\AndroidManifest.xml:87:13-48
	android:parentActivityName
		ADDED from src\main\AndroidManifest.xml:88:13-54
	android:roundIcon
		ADDED from src\main\AndroidManifest.xml:89:13-57
	android:name
		ADDED from src\main\AndroidManifest.xml:86:13-47
activity#entretenimento.studio.com.entretenimento.barMeninasActivity
ADDED from src\main\AndroidManifest.xml:90:9-94:60
	android:label
		ADDED from src\main\AndroidManifest.xml:92:13-40
	android:parentActivityName
		ADDED from src\main\AndroidManifest.xml:93:13-54
	android:roundIcon
		ADDED from src\main\AndroidManifest.xml:94:13-57
	android:name
		ADDED from src\main\AndroidManifest.xml:91:13-47
activity#entretenimento.studio.com.entretenimento.barMariaActivity
ADDED from src\main\AndroidManifest.xml:95:9-99:60
	android:label
		ADDED from src\main\AndroidManifest.xml:97:13-48
	android:parentActivityName
		ADDED from src\main\AndroidManifest.xml:98:13-54
	android:roundIcon
		ADDED from src\main\AndroidManifest.xml:99:13-57
	android:name
		ADDED from src\main\AndroidManifest.xml:96:13-45
activity#entretenimento.studio.com.entretenimento.barNarcisoActivity
ADDED from src\main\AndroidManifest.xml:100:9-104:60
	android:label
		ADDED from src\main\AndroidManifest.xml:102:13-40
	android:parentActivityName
		ADDED from src\main\AndroidManifest.xml:103:13-54
	android:roundIcon
		ADDED from src\main\AndroidManifest.xml:104:13-57
	android:name
		ADDED from src\main\AndroidManifest.xml:101:13-47
activity#entretenimento.studio.com.entretenimento.barOficinaActivity
ADDED from src\main\AndroidManifest.xml:105:9-109:60
	android:label
		ADDED from src\main\AndroidManifest.xml:107:13-40
	android:parentActivityName
		ADDED from src\main\AndroidManifest.xml:108:13-54
	android:roundIcon
		ADDED from src\main\AndroidManifest.xml:109:13-57
	android:name
		ADDED from src\main\AndroidManifest.xml:106:13-47
activity#entretenimento.studio.com.entretenimento.barR2Activity
ADDED from src\main\AndroidManifest.xml:110:9-114:60
	android:label
		ADDED from src\main\AndroidManifest.xml:112:13-40
	android:parentActivityName
		ADDED from src\main\AndroidManifest.xml:113:13-54
	android:roundIcon
		ADDED from src\main\AndroidManifest.xml:114:13-57
	android:name
		ADDED from src\main\AndroidManifest.xml:111:13-42
activity#entretenimento.studio.com.entretenimento.barVitrolaActivity
ADDED from src\main\AndroidManifest.xml:115:9-119:60
	android:label
		ADDED from src\main\AndroidManifest.xml:117:13-40
	android:parentActivityName
		ADDED from src\main\AndroidManifest.xml:118:13-54
	android:roundIcon
		ADDED from src\main\AndroidManifest.xml:119:13-57
	android:name
		ADDED from src\main\AndroidManifest.xml:116:13-47
activity#entretenimento.studio.com.entretenimento.barValentinoActivity
ADDED from src\main\AndroidManifest.xml:120:9-124:60
	android:label
		ADDED from src\main\AndroidManifest.xml:122:13-38
	android:parentActivityName
		ADDED from src\main\AndroidManifest.xml:123:13-54
	android:roundIcon
		ADDED from src\main\AndroidManifest.xml:124:13-57
	android:name
		ADDED from src\main\AndroidManifest.xml:121:13-49
activity#entretenimento.studio.com.entretenimento.barSantoActivity
ADDED from src\main\AndroidManifest.xml:125:9-129:60
	android:label
		ADDED from src\main\AndroidManifest.xml:127:13-40
	android:parentActivityName
		ADDED from src\main\AndroidManifest.xml:128:13-54
	android:roundIcon
		ADDED from src\main\AndroidManifest.xml:129:13-57
	android:name
		ADDED from src\main\AndroidManifest.xml:126:13-45
activity#entretenimento.studio.com.entretenimento.barTozenActivity
ADDED from src\main\AndroidManifest.xml:130:9-134:60
	android:label
		ADDED from src\main\AndroidManifest.xml:132:13-38
	android:parentActivityName
		ADDED from src\main\AndroidManifest.xml:133:13-54
	android:roundIcon
		ADDED from src\main\AndroidManifest.xml:134:13-57
	android:name
		ADDED from src\main\AndroidManifest.xml:131:13-45
activity#entretenimento.studio.com.entretenimento.pubFlanniganActivity
ADDED from src\main\AndroidManifest.xml:135:9-139:60
	android:label
		ADDED from src\main\AndroidManifest.xml:137:13-55
	android:parentActivityName
		ADDED from src\main\AndroidManifest.xml:138:13-54
	android:roundIcon
		ADDED from src\main\AndroidManifest.xml:139:13-57
	android:name
		ADDED from src\main\AndroidManifest.xml:136:13-49
activity#entretenimento.studio.com.entretenimento.pubFolksActivity
ADDED from src\main\AndroidManifest.xml:140:9-144:60
	android:label
		ADDED from src\main\AndroidManifest.xml:142:13-47
	android:parentActivityName
		ADDED from src\main\AndroidManifest.xml:143:13-54
	android:roundIcon
		ADDED from src\main\AndroidManifest.xml:144:13-57
	android:name
		ADDED from src\main\AndroidManifest.xml:141:13-45
activity#entretenimento.studio.com.entretenimento.pubJohnActivity
ADDED from src\main\AndroidManifest.xml:145:9-149:60
	android:label
		ADDED from src\main\AndroidManifest.xml:147:13-60
	android:parentActivityName
		ADDED from src\main\AndroidManifest.xml:148:13-54
	android:roundIcon
		ADDED from src\main\AndroidManifest.xml:149:13-57
	android:name
		ADDED from src\main\AndroidManifest.xml:146:13-44
activity#entretenimento.studio.com.entretenimento.pubPalhanoActivity
ADDED from src\main\AndroidManifest.xml:150:9-154:60
	android:label
		ADDED from src\main\AndroidManifest.xml:152:13-40
	android:parentActivityName
		ADDED from src\main\AndroidManifest.xml:153:13-54
	android:roundIcon
		ADDED from src\main\AndroidManifest.xml:154:13-57
	android:name
		ADDED from src\main\AndroidManifest.xml:151:13-47
activity#entretenimento.studio.com.entretenimento.pubCheersActivity
ADDED from src\main\AndroidManifest.xml:155:9-159:60
	android:label
		ADDED from src\main\AndroidManifest.xml:157:13-41
	android:parentActivityName
		ADDED from src\main\AndroidManifest.xml:158:13-54
	android:roundIcon
		ADDED from src\main\AndroidManifest.xml:159:13-57
	android:name
		ADDED from src\main\AndroidManifest.xml:156:13-46
activity#entretenimento.studio.com.entretenimento.pubSlowActivity
ADDED from src\main\AndroidManifest.xml:160:9-164:60
	android:label
		ADDED from src\main\AndroidManifest.xml:162:13-40
	android:parentActivityName
		ADDED from src\main\AndroidManifest.xml:163:13-54
	android:roundIcon
		ADDED from src\main\AndroidManifest.xml:164:13-57
	android:name
		ADDED from src\main\AndroidManifest.xml:161:13-44
activity#entretenimento.studio.com.entretenimento.boateArabianActivity
ADDED from src\main\AndroidManifest.xml:165:9-169:60
	android:label
		ADDED from src\main\AndroidManifest.xml:167:13-57
	android:parentActivityName
		ADDED from src\main\AndroidManifest.xml:168:13-55
	android:roundIcon
		ADDED from src\main\AndroidManifest.xml:169:13-57
	android:name
		ADDED from src\main\AndroidManifest.xml:166:13-49
activity#entretenimento.studio.com.entretenimento.boate2800Activity
ADDED from src\main\AndroidManifest.xml:170:9-174:60
	android:label
		ADDED from src\main\AndroidManifest.xml:172:13-41
	android:parentActivityName
		ADDED from src\main\AndroidManifest.xml:173:13-55
	android:roundIcon
		ADDED from src\main\AndroidManifest.xml:174:13-57
	android:name
		ADDED from src\main\AndroidManifest.xml:171:13-46
activity#entretenimento.studio.com.entretenimento.boateNyActivity
ADDED from src\main\AndroidManifest.xml:175:9-179:60
	android:label
		ADDED from src\main\AndroidManifest.xml:177:13-39
	android:parentActivityName
		ADDED from src\main\AndroidManifest.xml:178:13-55
	android:roundIcon
		ADDED from src\main\AndroidManifest.xml:179:13-57
	android:name
		ADDED from src\main\AndroidManifest.xml:176:13-44
activity#entretenimento.studio.com.entretenimento.cineAraujoActivity
ADDED from src\main\AndroidManifest.xml:180:9-184:60
	android:label
		ADDED from src\main\AndroidManifest.xml:182:13-40
	android:parentActivityName
		ADDED from src\main\AndroidManifest.xml:183:13-57
	android:roundIcon
		ADDED from src\main\AndroidManifest.xml:184:13-57
	android:name
		ADDED from src\main\AndroidManifest.xml:181:13-47
activity#entretenimento.studio.com.entretenimento.cineFlixActivity
ADDED from src\main\AndroidManifest.xml:185:9-189:60
	android:label
		ADDED from src\main\AndroidManifest.xml:187:13-37
	android:parentActivityName
		ADDED from src\main\AndroidManifest.xml:188:13-57
	android:roundIcon
		ADDED from src\main\AndroidManifest.xml:189:13-57
	android:name
		ADDED from src\main\AndroidManifest.xml:186:13-45
activity#entretenimento.studio.com.entretenimento.cineLumiereActivity
ADDED from src\main\AndroidManifest.xml:190:9-194:60
	android:label
		ADDED from src\main\AndroidManifest.xml:192:13-41
	android:parentActivityName
		ADDED from src\main\AndroidManifest.xml:193:13-57
	android:roundIcon
		ADDED from src\main\AndroidManifest.xml:194:13-57
	android:name
		ADDED from src\main\AndroidManifest.xml:191:13-48
activity#entretenimento.studio.com.entretenimento.cineMarkActivity
ADDED from src\main\AndroidManifest.xml:195:9-199:60
	android:label
		ADDED from src\main\AndroidManifest.xml:197:13-37
	android:parentActivityName
		ADDED from src\main\AndroidManifest.xml:198:13-57
	android:roundIcon
		ADDED from src\main\AndroidManifest.xml:199:13-57
	android:name
		ADDED from src\main\AndroidManifest.xml:196:13-45
activity#entretenimento.studio.com.entretenimento.cineSystemActivity
ADDED from src\main\AndroidManifest.xml:200:9-204:60
	android:label
		ADDED from src\main\AndroidManifest.xml:202:13-39
	android:parentActivityName
		ADDED from src\main\AndroidManifest.xml:203:13-57
	android:roundIcon
		ADDED from src\main\AndroidManifest.xml:204:13-57
	android:name
		ADDED from src\main\AndroidManifest.xml:201:13-47
uses-sdk
INJECTED from src\main\AndroidManifest.xml reason: use-sdk injection requested
MERGED from [com.android.support:design:25.3.1] AndroidManifest.xml:21:5-23:62
MERGED from [com.android.support:appcompat-v7:25.3.1] AndroidManifest.xml:21:5-23:78
MERGED from [com.android.support:animated-vector-drawable:25.3.1] AndroidManifest.xml:20:5-44
MERGED from [com.android.support:support-vector-drawable:25.3.1] AndroidManifest.xml:20:5-43
MERGED from [com.android.support:recyclerview-v7:25.3.1] AndroidManifest.xml:20:5-43
MERGED from [com.android.support:transition:25.3.1] AndroidManifest.xml:20:5-44
MERGED from [com.android.support:support-v4:25.3.1] AndroidManifest.xml:21:5-23:54
MERGED from [com.android.support:support-fragment:25.3.1] AndroidManifest.xml:21:5-23:60
MERGED from [com.android.support:support-media-compat:25.3.1] AndroidManifest.xml:21:5-23:63
MERGED from [com.android.support:support-core-ui:25.3.1] AndroidManifest.xml:21:5-23:58
MERGED from [com.android.support:support-core-utils:25.3.1] AndroidManifest.xml:21:5-23:61
MERGED from [com.android.support:support-compat:25.3.1] AndroidManifest.xml:21:5-23:58
MERGED from [com.android.support.constraint:constraint-layout:1.0.2] AndroidManifest.xml:5:5-7:41
	tools:overrideLibrary
		ADDED from [com.android.support:design:25.3.1] AndroidManifest.xml:23:9-59
	android:targetSdkVersion
		INJECTED from src\main\AndroidManifest.xml
		INJECTED from src\main\AndroidManifest.xml
	android:minSdkVersion
		INJECTED from src\main\AndroidManifest.xml
		INJECTED from src\main\AndroidManifest.xml
meta-data#android.support.VERSION
ADDED from [com.android.support:design:25.3.1] AndroidManifest.xml:25:5-27:34
MERGED from [com.android.support:appcompat-v7:25.3.1] AndroidManifest.xml:25:5-27:34
MERGED from [com.android.support:animated-vector-drawable:25.3.1] AndroidManifest.xml:22:5-24:34
MERGED from [com.android.support:support-vector-drawable:25.3.1] AndroidManifest.xml:22:5-24:34
MERGED from [com.android.support:recyclerview-v7:25.3.1] AndroidManifest.xml:22:5-24:34
MERGED from [com.android.support:transition:25.3.1] AndroidManifest.xml:22:5-24:34
MERGED from [com.android.support:support-v4:25.3.1] AndroidManifest.xml:25:5-27:34
MERGED from [com.android.support:support-fragment:25.3.1] AndroidManifest.xml:25:5-27:34
MERGED from [com.android.support:support-media-compat:25.3.1] AndroidManifest.xml:25:5-27:34
MERGED from [com.android.support:support-core-ui:25.3.1] AndroidManifest.xml:25:5-27:34
MERGED from [com.android.support:support-core-utils:25.3.1] AndroidManifest.xml:25:5-27:34
MERGED from [com.android.support:support-compat:25.3.1] AndroidManifest.xml:25:5-27:34
	android:value
		ADDED from [com.android.support:design:25.3.1] AndroidManifest.xml:27:9-31
	android:name
		ADDED from [com.android.support:design:25.3.1] AndroidManifest.xml:26:9-47